13:30:07.327 [main] INFO  api.test.UserTests - ********* Creating User ********************
13:30:11.343 [main] INFO  api.test.UserTests - ********* User is Created ********************
13:30:11.373 [main] INFO  api.test.UserTests - ********* Reading User Info ********************
13:30:13.616 [main] INFO  api.test.UserTests - ********* User Info is displayed ********************
13:30:13.621 [main] INFO  api.test.UserTests - ********* Updating User ********************
13:30:18.316 [main] INFO  api.test.UserTests - ********* User is Updated ********************
13:30:18.326 [main] INFO  api.test.UserTests - ********* Deleting Users ********************
13:30:20.363 [main] INFO  api.test.UserTests - ********* Users Deleted ********************
13:35:36.439 [main] INFO  api.test.UserTests - ********* Creating User ********************
13:35:40.553 [main] INFO  api.test.UserTests - ********* User is Created ********************
13:35:40.570 [main] INFO  api.test.UserTests - ********* Reading User Info ********************
13:35:42.718 [main] INFO  api.test.UserTests - ********* User Info is displayed ********************
13:35:42.725 [main] INFO  api.test.UserTests - ********* Updating User ********************
13:35:47.474 [main] INFO  api.test.UserTests - ********* User is Updated ********************
13:35:47.484 [main] INFO  api.test.UserTests - ********* Deleting Users ********************
13:35:49.379 [main] INFO  api.test.UserTests - ********* Users Deleted ********************
19:15:32.697 [main] INFO  api.test.UserTests2 - ********* Creating User ********************
19:15:39.550 [main] INFO  api.test.UserTests2 - ********* User is Created ********************
19:15:39.567 [main] INFO  api.test.UserTests2 - ********* Reading User Info ********************
19:15:43.498 [main] INFO  api.test.UserTests2 - ********* User Info is displayed ********************
19:15:43.502 [main] INFO  api.test.UserTests2 - ********* Updating User ********************
19:15:49.264 [main] INFO  api.test.UserTests2 - ********* User is Updated ********************
19:15:49.270 [main] INFO  api.test.UserTests2 - ********* Deleting Users ********************
19:15:50.705 [main] INFO  api.test.UserTests2 - ********* Users Deleted ********************
19:32:48.365 [main] INFO  api.test.UserTests - ********* Creating User ********************
19:32:52.936 [main] INFO  api.test.UserTests - ********* User is Created ********************
19:32:52.940 [main] INFO  api.test.UserTests - ********* Reading User Info ********************
19:32:54.356 [main] INFO  api.test.UserTests - ********* User Info is displayed ********************
19:32:54.359 [main] INFO  api.test.UserTests - ********* Updating User ********************
19:32:57.142 [main] INFO  api.test.UserTests - ********* User is Updated ********************
19:32:57.144 [main] INFO  api.test.UserTests - ********* Deleting Users ********************
19:32:58.511 [main] INFO  api.test.UserTests - ********* Users Deleted ********************
19:35:10.497 [main] INFO  api.test.UserTests2 - ********* Creating User ********************
19:35:15.187 [main] INFO  api.test.UserTests2 - ********* User is Created ********************
19:35:15.236 [main] INFO  api.test.UserTests2 - ********* Reading User Info ********************
19:35:18.611 [main] INFO  api.test.UserTests2 - ********* User Info is displayed ********************
19:35:18.614 [main] INFO  api.test.UserTests2 - ********* Updating User ********************
19:35:25.467 [main] INFO  api.test.UserTests2 - ********* User is Updated ********************
19:35:25.469 [main] INFO  api.test.UserTests2 - ********* Deleting Users ********************
19:35:29.186 [main] INFO  api.test.UserTests2 - ********* Users Deleted ********************
13:28:37.064 [main] INFO  api.test.UserTests2 - ********* Creating User ********************
13:28:41.278 [main] INFO  api.test.UserTests2 - ********* User is Created ********************
13:28:41.309 [main] INFO  api.test.UserTests2 - ********* Reading User Info ********************
13:28:43.171 [main] INFO  api.test.UserTests2 - ********* User Info is displayed ********************
13:28:43.171 [main] INFO  api.test.UserTests2 - ********* Updating User ********************
13:28:47.428 [main] INFO  api.test.UserTests2 - ********* User is Updated ********************
13:28:47.428 [main] INFO  api.test.UserTests2 - ********* Deleting Users ********************
13:28:49.250 [main] INFO  api.test.UserTests2 - ********* Users Deleted ********************
